  ImGuiManager.cpp
  Affine.cpp
  DirectXCommon.cpp
  WinApp.cpp
  Enemy.cpp
  EnemyBullet.cpp
  main.cpp
  Player.cpp
  PlayerBullet.cpp
  GameScene.cpp
  WorldTransformEx.cpp
C:\Users\鳥山　美尋\Desktop\AL3\KamataEngine\DirectXGame\Enemy.cpp(1,1): warning C4828: オフセット 0x2ba から始まる、現在のソースの文字セット (コードページ 65001) では使用できない文字がファイルに含まれています。
C:\Users\鳥山　美尋\Desktop\AL3\KamataEngine\DirectXGame\Enemy.cpp(1,1): warning C4828: オフセット 0x2bd から始まる、現在のソースの文字セット (コードページ 65001) では使用できない文字がファイルに含まれています。
C:\Users\鳥山　美尋\Desktop\AL3\KamataEngine\DirectXGame\Enemy.cpp(1,1): warning C4828: オフセット 0x2de から始まる、現在のソースの文字セット (コードページ 65001) では使用できない文字がファイルに含まれています。
C:\Users\鳥山　美尋\Desktop\AL3\KamataEngine\DirectXGame\Enemy.cpp(1,1): warning C4828: オフセット 0x2e1 から始まる、現在のソースの文字セット (コードページ 65001) では使用できない文字がファイルに含まれています。
C:\Users\鳥山　美尋\Desktop\AL3\KamataEngine\DirectXGame\Enemy.cpp(1,1): warning C4828: オフセット 0x2e2 から始まる、現在のソースの文字セット (コードページ 65001) では使用できない文字がファイルに含まれています。
C:\Users\鳥山　美尋\Desktop\AL3\KamataEngine\DirectXGame\Enemy.cpp(1,1): warning C4828: オフセット 0x2e4 から始まる、現在のソースの文字セット (コードページ 65001) では使用できない文字がファイルに含まれています。
C:\Users\鳥山　美尋\Desktop\AL3\KamataEngine\DirectXGame\Enemy.cpp(1,1): warning C4828: オフセット 0x2e6 から始まる、現在のソースの文字セット (コードページ 65001) では使用できない文字がファイルに含まれています。
C:\Users\鳥山　美尋\Desktop\AL3\KamataEngine\DirectXGame\Enemy.cpp(1,1): warning C4828: オフセット 0x2e8 から始まる、現在のソースの文字セット (コードページ 65001) では使用できない文字がファイルに含まれています。
C:\Users\鳥山　美尋\Desktop\AL3\KamataEngine\DirectXGame\Affine.cpp(1,1): warning C4828: オフセット 0x8d から始まる、現在のソースの文字セット (コードページ 65001) では使用できない文字がファイルに含まれています。
C:\Users\鳥山　美尋\Desktop\AL3\KamataEngine\DirectXGame\Enemy.cpp(1,1): warning C4828: オフセット 0x2e9 から始まる、現在のソースの文字セット (コードページ 65001) では使用できない文字がファイルに含まれています。
C:\Users\鳥山　美尋\Desktop\AL3\KamataEngine\DirectXGame\Affine.cpp(1,1): warning C4828: オフセット 0x90 から始まる、現在のソースの文字セット (コードページ 65001) では使用できない文字がファイルに含まれています。
C:\Users\鳥山　美尋\Desktop\AL3\KamataEngine\DirectXGame\Enemy.cpp(1,1): warning C4828: オフセット 0x53d から始まる、現在のソースの文字セット (コードページ 65001) では使用できない文字がファイルに含まれています。
C:\Users\鳥山　美尋\Desktop\AL3\KamataEngine\DirectXGame\Affine.cpp(1,1): warning C4828: オフセット 0x91 から始まる、現在のソースの文字セット (コードページ 65001) では使用できない文字がファイルに含まれています。
C:\Users\鳥山　美尋\Desktop\AL3\KamataEngine\DirectXGame\Enemy.cpp(1,1): warning C4828: オフセット 0x53f から始まる、現在のソースの文字セット (コードページ 65001) では使用できない文字がファイルに含まれています。
C:\Users\鳥山　美尋\Desktop\AL3\KamataEngine\DirectXGame\Affine.cpp(1,1): warning C4828: オフセット 0x96 から始まる、現在のソースの文字セット (コードページ 65001) では使用できない文字がファイルに含まれています。
C:\Users\鳥山　美尋\Desktop\AL3\KamataEngine\DirectXGame\Enemy.cpp(1,1): warning C4828: オフセット 0x540 から始まる、現在のソースの文字セット (コードページ 65001) では使用できない文字がファイルに含まれています。
C:\Users\鳥山　美尋\Desktop\AL3\KamataEngine\DirectXGame\Affine.cpp(1,1): warning C4828: オフセット 0x7f2 から始まる、現在のソースの文字セット (コードページ 65001) では使用できない文字がファイルに含まれています。
C:\Users\鳥山　美尋\Desktop\AL3\KamataEngine\DirectXGame\Enemy.cpp(1,1): warning C4828: オフセット 0x541 から始まる、現在のソースの文字セット (コードページ 65001) では使用できない文字がファイルに含まれています。
C:\Users\鳥山　美尋\Desktop\AL3\KamataEngine\DirectXGame\EnemyBullet.h(1,1): warning C4828: オフセット 0x16f から始まる、現在のソースの文字セット (コードページ 65001) では使用できない文字がファイルに含まれています。 (ソース ファイルをコンパイルしています EnemyBullet.cpp)
C:\Users\鳥山　美尋\Desktop\AL3\KamataEngine\DirectXGame\EnemyBullet.h(1,1): warning C4828: オフセット 0x170 から始まる、現在のソースの文字セット (コードページ 65001) では使用できない文字がファイルに含まれています。 (ソース ファイルをコンパイルしています EnemyBullet.cpp)
C:\Users\鳥山　美尋\Desktop\AL3\KamataEngine\DirectXGame\Enemy.cpp(1,1): warning C4828: オフセット 0x605 から始まる、現在のソースの文字セット (コードページ 65001) では使用できない文字がファイルに含まれています。
C:\Users\鳥山　美尋\Desktop\AL3\KamataEngine\DirectXGame\EnemyBullet.h(1,1): warning C4828: オフセット 0x171 から始まる、現在のソースの文字セット (コードページ 65001) では使用できない文字がファイルに含まれています。 (ソース ファイルをコンパイルしています EnemyBullet.cpp)
C:\Users\鳥山　美尋\Desktop\AL3\KamataEngine\DirectXGame\PlayerBullet.h(1,1): warning C4828: オフセット 0x18e から始まる、現在のソースの文字セット (コードページ 65001) では使用できない文字がファイルに含まれています。 (ソース ファイルをコンパイルしています PlayerBullet.cpp)
C:\Users\鳥山　美尋\Desktop\AL3\KamataEngine\DirectXGame\Enemy.cpp(1,1): warning C4828: オフセット 0x608 から始まる、現在のソースの文字セット (コードページ 65001) では使用できない文字がファイルに含まれています。
C:\Users\鳥山　美尋\Desktop\AL3\KamataEngine\DirectXGame\EnemyBullet.h(1,1): warning C4828: オフセット 0x172 から始まる、現在のソースの文字セット (コードページ 65001) では使用できない文字がファイルに含まれています。 (ソース ファイルをコンパイルしています EnemyBullet.cpp)
C:\Users\鳥山　美尋\Desktop\AL3\KamataEngine\DirectXGame\PlayerBullet.h(1,1): warning C4828: オフセット 0x18f から始まる、現在のソースの文字セット (コードページ 65001) では使用できない文字がファイルに含まれています。 (ソース ファイルをコンパイルしています PlayerBullet.cpp)
C:\Users\鳥山　美尋\Desktop\AL3\KamataEngine\DirectXGame\Enemy.cpp(1,1): warning C4828: オフセット 0x609 から始まる、現在のソースの文字セット (コードページ 65001) では使用できない文字がファイルに含まれています。
C:\Users\鳥山　美尋\Desktop\AL3\KamataEngine\DirectXGame\EnemyBullet.h(1,1): warning C4828: オフセット 0x173 から始まる、現在のソースの文字セット (コードページ 65001) では使用できない文字がファイルに含まれています。 (ソース ファイルをコンパイルしています EnemyBullet.cpp)
C:\Users\鳥山　美尋\Desktop\AL3\KamataEngine\DirectXGame\PlayerBullet.h(1,1): warning C4828: オフセット 0x190 から始まる、現在のソースの文字セット (コードページ 65001) では使用できない文字がファイルに含まれています。 (ソース ファイルをコンパイルしています PlayerBullet.cpp)
C:\Users\鳥山　美尋\Desktop\AL3\KamataEngine\DirectXGame\Enemy.cpp(1,1): warning C4828: オフセット 0x611 から始まる、現在のソースの文字セット (コードページ 65001) では使用できない文字がファイルに含まれています。
C:\Users\鳥山　美尋\Desktop\AL3\KamataEngine\DirectXGame\EnemyBullet.h(1,1): warning C4828: オフセット 0x174 から始まる、現在のソースの文字セット (コードページ 65001) では使用できない文字がファイルに含まれています。 (ソース ファイルをコンパイルしています EnemyBullet.cpp)
C:\Users\鳥山　美尋\Desktop\AL3\KamataEngine\DirectXGame\PlayerBullet.h(1,1): warning C4828: オフセット 0x191 から始まる、現在のソースの文字セット (コードページ 65001) では使用できない文字がファイルに含まれています。 (ソース ファイルをコンパイルしています PlayerBullet.cpp)
C:\Users\鳥山　美尋\Desktop\AL3\KamataEngine\DirectXGame\Enemy.cpp(1,1): warning C4828: オフセット 0x612 から始まる、現在のソースの文字セット (コードページ 65001) では使用できない文字がファイルに含まれています。
C:\Users\鳥山　美尋\Desktop\AL3\KamataEngine\DirectXGame\EnemyBullet.h(1,1): warning C4828: オフセット 0x1f2 から始まる、現在のソースの文字セット (コードページ 65001) では使用できない文字がファイルに含まれています。 (ソース ファイルをコンパイルしています EnemyBullet.cpp)
C:\Users\鳥山　美尋\Desktop\AL3\KamataEngine\DirectXGame\PlayerBullet.h(1,1): warning C4828: オフセット 0x192 から始まる、現在のソースの文字セット (コードページ 65001) では使用できない文字がファイルに含まれています。 (ソース ファイルをコンパイルしています PlayerBullet.cpp)
C:\Users\鳥山　美尋\Desktop\AL3\KamataEngine\DirectXGame\Enemy.cpp(1,1): warning C4828: オフセット 0x77f から始まる、現在のソースの文字セット (コードページ 65001) では使用できない文字がファイルに含まれています。
C:\Users\鳥山　美尋\Desktop\AL3\KamataEngine\DirectXGame\EnemyBullet.h(1,1): warning C4828: オフセット 0x1f3 から始まる、現在のソースの文字セット (コードページ 65001) では使用できない文字がファイルに含まれています。 (ソース ファイルをコンパイルしています EnemyBullet.cpp)
C:\Users\鳥山　美尋\Desktop\AL3\KamataEngine\DirectXGame\Affine.cpp(1,1): warning C4828: オフセット 0x7f3 から始まる、現在のソースの文字セット (コードページ 65001) では使用できない文字がファイルに含まれています。
C:\Users\鳥山　美尋\Desktop\AL3\KamataEngine\DirectXGame\PlayerBullet.h(1,1): warning C4828: オフセット 0x193 から始まる、現在のソースの文字セット (コードページ 65001) では使用できない文字がファイルに含まれています。 (ソース ファイルをコンパイルしています PlayerBullet.cpp)
C:\Users\鳥山　美尋\Desktop\AL3\KamataEngine\DirectXGame\EnemyBullet.h(1,1): warning C4828: オフセット 0x1f4 から始まる、現在のソースの文字セット (コードページ 65001) では使用できない文字がファイルに含まれています。 (ソース ファイルをコンパイルしています EnemyBullet.cpp)
C:\Users\鳥山　美尋\Desktop\AL3\KamataEngine\DirectXGame\Enemy.cpp(1,1): warning C4828: オフセット 0x781 から始まる、現在のソースの文字セット (コードページ 65001) では使用できない文字がファイルに含まれています。
C:\Users\鳥山　美尋\Desktop\AL3\KamataEngine\DirectXGame\PlayerBullet.h(1,1): warning C4828: オフセット 0x211 から始まる、現在のソースの文字セット (コードページ 65001) では使用できない文字がファイルに含まれています。 (ソース ファイルをコンパイルしています PlayerBullet.cpp)
C:\Users\鳥山　美尋\Desktop\AL3\KamataEngine\DirectXGame\EnemyBullet.h(1,1): warning C4828: オフセット 0x1f6 から始まる、現在のソースの文字セット (コードページ 65001) では使用できない文字がファイルに含まれています。 (ソース ファイルをコンパイルしています EnemyBullet.cpp)
C:\Users\鳥山　美尋\Desktop\AL3\KamataEngine\DirectXGame\Affine.cpp(1,1): warning C4828: オフセット 0x7f5 から始まる、現在のソースの文字セット (コードページ 65001) では使用できない文字がファイルに含まれています。
C:\Users\鳥山　美尋\Desktop\AL3\KamataEngine\DirectXGame\Enemy.cpp(1,1): warning C4828: オフセット 0x782 から始まる、現在のソースの文字セット (コードページ 65001) では使用できない文字がファイルに含まれています。
C:\Users\鳥山　美尋\Desktop\AL3\KamataEngine\DirectXGame\PlayerBullet.h(1,1): warning C4828: オフセット 0x212 から始まる、現在のソースの文字セット (コードページ 65001) では使用できない文字がファイルに含まれています。 (ソース ファイルをコンパイルしています PlayerBullet.cpp)
C:\Users\鳥山　美尋\Desktop\AL3\KamataEngine\DirectXGame\EnemyBullet.h(1,1): warning C4828: オフセット 0x1f7 から始まる、現在のソースの文字セット (コードページ 65001) では使用できない文字がファイルに含まれています。 (ソース ファイルをコンパイルしています EnemyBullet.cpp)
C:\Users\鳥山　美尋\Desktop\AL3\KamataEngine\DirectXGame\Affine.cpp(1,1): warning C4828: オフセット 0x7fa から始まる、現在のソースの文字セット (コードページ 65001) では使用できない文字がファイルに含まれています。
C:\Users\鳥山　美尋\Desktop\AL3\KamataEngine\DirectXGame\Enemy.cpp(1,1): warning C4828: オフセット 0x783 から始まる、現在のソースの文字セット (コードページ 65001) では使用できない文字がファイルに含まれています。
C:\Users\鳥山　美尋\Desktop\AL3\KamataEngine\DirectXGame\PlayerBullet.h(1,1): warning C4828: オフセット 0x213 から始まる、現在のソースの文字セット (コードページ 65001) では使用できない文字がファイルに含まれています。 (ソース ファイルをコンパイルしています PlayerBullet.cpp)
C:\Users\鳥山　美尋\Desktop\AL3\KamataEngine\DirectXGame\EnemyBullet.h(1,1): warning C4828: オフセット 0x1f8 から始まる、現在のソースの文字セット (コードページ 65001) では使用できない文字がファイルに含まれています。 (ソース ファイルをコンパイルしています EnemyBullet.cpp)
C:\Users\鳥山　美尋\Desktop\AL3\KamataEngine\DirectXGame\Enemy.cpp(1,1): warning C4828: オフセット 0x785 から始まる、現在のソースの文字セット (コードページ 65001) では使用できない文字がファイルに含まれています。
C:\Users\鳥山　美尋\Desktop\AL3\KamataEngine\DirectXGame\Affine.cpp(1,1): warning C4828: オフセット 0x7fd から始まる、現在のソースの文字セット (コードページ 65001) では使用できない文字がファイルに含まれています。
C:\Users\鳥山　美尋\Desktop\AL3\KamataEngine\DirectXGame\PlayerBullet.h(1,1): warning C4828: オフセット 0x215 から始まる、現在のソースの文字セット (コードページ 65001) では使用できない文字がファイルに含まれています。 (ソース ファイルをコンパイルしています PlayerBullet.cpp)
C:\Users\鳥山　美尋\Desktop\AL3\KamataEngine\DirectXGame\EnemyBullet.h(1,1): warning C4828: オフセット 0x1fa から始まる、現在のソースの文字セット (コードページ 65001) では使用できない文字がファイルに含まれています。 (ソース ファイルをコンパイルしています EnemyBullet.cpp)
C:\Users\鳥山　美尋\Desktop\AL3\KamataEngine\DirectXGame\Enemy.cpp(1,1): warning C4828: オフセット 0x787 から始まる、現在のソースの文字セット (コードページ 65001) では使用できない文字がファイルに含まれています。
C:\Users\鳥山　美尋\Desktop\AL3\KamataEngine\DirectXGame\PlayerBullet.h(1,1): warning C4828: オフセット 0x216 から始まる、現在のソースの文字セット (コードページ 65001) では使用できない文字がファイルに含まれています。 (ソース ファイルをコンパイルしています PlayerBullet.cpp)
C:\Users\鳥山　美尋\Desktop\AL3\KamataEngine\DirectXGame\Affine.cpp(1,1): warning C4828: オフセット 0x7fe から始まる、現在のソースの文字セット (コードページ 65001) では使用できない文字がファイルに含まれています。
C:\Users\鳥山　美尋\Desktop\AL3\KamataEngine\DirectXGame\EnemyBullet.h(1,1): warning C4828: オフセット 0x1fb から始まる、現在のソースの文字セット (コードページ 65001) では使用できない文字がファイルに含まれています。 (ソース ファイルをコンパイルしています EnemyBullet.cpp)
C:\Users\鳥山　美尋\Desktop\AL3\KamataEngine\DirectXGame\Enemy.cpp(1,1): warning C4828: オフセット 0x789 から始まる、現在のソースの文字セット (コードページ 65001) では使用できない文字がファイルに含まれています。
C:\Users\鳥山　美尋\Desktop\AL3\KamataEngine\DirectXGame\Affine.cpp(1,1): warning C4828: オフセット 0x806 から始まる、現在のソースの文字セット (コードページ 65001) では使用できない文字がファイルに含まれています。
C:\Users\鳥山　美尋\Desktop\AL3\KamataEngine\DirectXGame\EnemyBullet.h(1,1): warning C4828: オフセット 0x1fc から始まる、現在のソースの文字セット (コードページ 65001) では使用できない文字がファイルに含まれています。 (ソース ファイルをコンパイルしています EnemyBullet.cpp)
C:\Users\鳥山　美尋\Desktop\AL3\KamataEngine\DirectXGame\Affine.cpp(1,1): warning C4828: オフセット 0x80d から始まる、現在のソースの文字セット (コードページ 65001) では使用できない文字がファイルに含まれています。
C:\Users\鳥山　美尋\Desktop\AL3\KamataEngine\DirectXGame\Enemy.cpp(1,1): warning C4828: オフセット 0x78a から始まる、現在のソースの文字セット (コードページ 65001) では使用できない文字がファイルに含まれています。
C:\Users\鳥山　美尋\Desktop\AL3\KamataEngine\DirectXGame\Enemy.cpp(1,1): warning C4828: オフセット 0xb08 から始まる、現在のソースの文字セット (コードページ 65001) では使用できない文字がファイルに含まれています。
C:\Users\鳥山　美尋\Desktop\AL3\KamataEngine\DirectXGame\Affine.cpp(1,1): warning C4828: オフセット 0x80f から始まる、現在のソースの文字セット (コードページ 65001) では使用できない文字がファイルに含まれています。
C:\Users\鳥山　美尋\Desktop\AL3\KamataEngine\DirectXGame\EnemyBullet.h(1,1): warning C4828: オフセット 0x1fd から始まる、現在のソースの文字セット (コードページ 65001) では使用できない文字がファイルに含まれています。 (ソース ファイルをコンパイルしています EnemyBullet.cpp)
C:\Users\鳥山　美尋\Desktop\AL3\KamataEngine\DirectXGame\PlayerBullet.h(1,1): warning C4828: オフセット 0x217 から始まる、現在のソースの文字セット (コードページ 65001) では使用できない文字がファイルに含まれています。 (ソース ファイルをコンパイルしています PlayerBullet.cpp)
C:\Users\鳥山　美尋\Desktop\AL3\KamataEngine\DirectXGame\Enemy.cpp(1,1): warning C4828: オフセット 0xb09 から始まる、現在のソースの文字セット (コードページ 65001) では使用できない文字がファイルに含まれています。
C:\Users\鳥山　美尋\Desktop\AL3\KamataEngine\DirectXGame\EnemyBullet.h(1,1): warning C4828: オフセット 0x1fe から始まる、現在のソースの文字セット (コードページ 65001) では使用できない文字がファイルに含まれています。 (ソース ファイルをコンパイルしています EnemyBullet.cpp)
C:\Users\鳥山　美尋\Desktop\AL3\KamataEngine\DirectXGame\Affine.cpp(1,1): warning C4828: オフセット 0x813 から始まる、現在のソースの文字セット (コードページ 65001) では使用できない文字がファイルに含まれています。
C:\Users\鳥山　美尋\Desktop\AL3\KamataEngine\DirectXGame\Enemy.cpp(1,1): warning C4828: オフセット 0xb0a から始まる、現在のソースの文字セット (コードページ 65001) では使用できない文字がファイルに含まれています。
C:\Users\鳥山　美尋\Desktop\AL3\KamataEngine\DirectXGame\PlayerBullet.h(1,1): warning C4828: オフセット 0x219 から始まる、現在のソースの文字セット (コードページ 65001) では使用できない文字がファイルに含まれています。 (ソース ファイルをコンパイルしています PlayerBullet.cpp)
C:\Users\鳥山　美尋\Desktop\AL3\KamataEngine\DirectXGame\EnemyBullet.h(1,1): warning C4828: オフセット 0x1ff から始まる、現在のソースの文字セット (コードページ 65001) では使用できない文字がファイルに含まれています。 (ソース ファイルをコンパイルしています EnemyBullet.cpp)
C:\Users\鳥山　美尋\Desktop\AL3\KamataEngine\DirectXGame\Affine.cpp(1,1): warning C4828: オフセット 0x816 から始まる、現在のソースの文字セット (コードページ 65001) では使用できない文字がファイルに含まれています。
C:\Users\鳥山　美尋\Desktop\AL3\KamataEngine\DirectXGame\Enemy.cpp(1,1): warning C4828: オフセット 0xb0c から始まる、現在のソースの文字セット (コードページ 65001) では使用できない文字がファイルに含まれています。
C:\Users\鳥山　美尋\Desktop\AL3\KamataEngine\DirectXGame\PlayerBullet.h(1,1): warning C4828: オフセット 0x21a から始まる、現在のソースの文字セット (コードページ 65001) では使用できない文字がファイルに含まれています。 (ソース ファイルをコンパイルしています PlayerBullet.cpp)
C:\Users\鳥山　美尋\Desktop\AL3\KamataEngine\DirectXGame\Affine.cpp(1,1): warning C4828: オフセット 0x817 から始まる、現在のソースの文字セット (コードページ 65001) では使用できない文字がファイルに含まれています。
C:\Users\鳥山　美尋\Desktop\AL3\KamataEngine\DirectXGame\Enemy.cpp(1,1): warning C4828: オフセット 0xb0d から始まる、現在のソースの文字セット (コードページ 65001) では使用できない文字がファイルに含まれています。
C:\Users\鳥山　美尋\Desktop\AL3\KamataEngine\DirectXGame\Affine.cpp(1,1): warning C4828: オフセット 0x818 から始まる、現在のソースの文字セット (コードページ 65001) では使用できない文字がファイルに含まれています。
C:\Users\鳥山　美尋\Desktop\AL3\KamataEngine\DirectXGame\PlayerBullet.h(1,1): warning C4828: オフセット 0x21b から始まる、現在のソースの文字セット (コードページ 65001) では使用できない文字がファイルに含まれています。 (ソース ファイルをコンパイルしています PlayerBullet.cpp)
C:\Users\鳥山　美尋\Desktop\AL3\KamataEngine\DirectXGame\Enemy.cpp(1,1): warning C4828: オフセット 0xcf7 から始まる、現在のソースの文字セット (コードページ 65001) では使用できない文字がファイルに含まれています。
C:\Users\鳥山　美尋\Desktop\AL3\KamataEngine\DirectXGame\EnemyBullet.h(1,1): warning C4828: オフセット 0x29d から始まる、現在のソースの文字セット (コードページ 65001) では使用できない文字がファイルに含まれています。 (ソース ファイルをコンパイルしています EnemyBullet.cpp)
C:\Users\鳥山　美尋\Desktop\AL3\KamataEngine\DirectXGame\PlayerBullet.h(1,1): warning C4828: オフセット 0x21c から始まる、現在のソースの文字セット (コードページ 65001) では使用できない文字がファイルに含まれています。 (ソース ファイルをコンパイルしています PlayerBullet.cpp)
C:\Users\鳥山　美尋\Desktop\AL3\KamataEngine\DirectXGame\Affine.cpp(1,1): warning C4828: オフセット 0x81b から始まる、現在のソースの文字セット (コードページ 65001) では使用できない文字がファイルに含まれています。
C:\Users\鳥山　美尋\Desktop\AL3\KamataEngine\DirectXGame\Enemy.cpp(1,1): warning C4828: オフセット 0xcf8 から始まる、現在のソースの文字セット (コードページ 65001) では使用できない文字がファイルに含まれています。
C:\Users\鳥山　美尋\Desktop\AL3\KamataEngine\DirectXGame\PlayerBullet.h(1,1): warning C4828: オフセット 0x21d から始まる、現在のソースの文字セット (コードページ 65001) では使用できない文字がファイルに含まれています。 (ソース ファイルをコンパイルしています PlayerBullet.cpp)
C:\Users\鳥山　美尋\Desktop\AL3\KamataEngine\DirectXGame\EnemyBullet.h(1,1): warning C4828: オフセット 0x29f から始まる、現在のソースの文字セット (コードページ 65001) では使用できない文字がファイルに含まれています。 (ソース ファイルをコンパイルしています EnemyBullet.cpp)
C:\Users\鳥山　美尋\Desktop\AL3\KamataEngine\DirectXGame\Affine.cpp(1,1): warning C4828: オフセット 0x81c から始まる、現在のソースの文字セット (コードページ 65001) では使用できない文字がファイルに含まれています。
C:\Users\鳥山　美尋\Desktop\AL3\KamataEngine\DirectXGame\Enemy.cpp(1,1): warning C4828: オフセット 0xcf9 から始まる、現在のソースの文字セット (コードページ 65001) では使用できない文字がファイルに含まれています。
C:\Users\鳥山　美尋\Desktop\AL3\KamataEngine\DirectXGame\PlayerBullet.h(1,1): warning C4828: オフセット 0x21e から始まる、現在のソースの文字セット (コードページ 65001) では使用できない文字がファイルに含まれています。 (ソース ファイルをコンパイルしています PlayerBullet.cpp)
C:\Users\鳥山　美尋\Desktop\AL3\KamataEngine\DirectXGame\Affine.cpp(1,1): warning C4828: オフセット 0x81e から始まる、現在のソースの文字セット (コードページ 65001) では使用できない文字がファイルに含まれています。
C:\Users\鳥山　美尋\Desktop\AL3\KamataEngine\DirectXGame\Enemy.cpp(1,1): warning C4828: オフセット 0xcfb から始まる、現在のソースの文字セット (コードページ 65001) では使用できない文字がファイルに含まれています。
C:\Users\鳥山　美尋\Desktop\AL3\KamataEngine\DirectXGame\PlayerBullet.h(1,1): warning C4828: オフセット 0x2bc から始まる、現在のソースの文字セット (コードページ 65001) では使用できない文字がファイルに含まれています。 (ソース ファイルをコンパイルしています PlayerBullet.cpp)
C:\Users\鳥山　美尋\Desktop\AL3\KamataEngine\DirectXGame\Affine.cpp(1,1): warning C4828: オフセット 0x825 から始まる、現在のソースの文字セット (コードページ 65001) では使用できない文字がファイルに含まれています。
C:\Users\鳥山　美尋\Desktop\AL3\KamataEngine\DirectXGame\Enemy.cpp(1,1): warning C4828: オフセット 0xcfd から始まる、現在のソースの文字セット (コードページ 65001) では使用できない文字がファイルに含まれています。
C:\Users\鳥山　美尋\Desktop\AL3\KamataEngine\DirectXGame\EnemyBullet.h(1,1): warning C4828: オフセット 0x2a0 から始まる、現在のソースの文字セット (コードページ 65001) では使用できない文字がファイルに含まれています。 (ソース ファイルをコンパイルしています EnemyBullet.cpp)
C:\Users\鳥山　美尋\Desktop\AL3\KamataEngine\DirectXGame\PlayerBullet.h(1,1): warning C4828: オフセット 0x2be から始まる、現在のソースの文字セット (コードページ 65001) では使用できない文字がファイルに含まれています。 (ソース ファイルをコンパイルしています PlayerBullet.cpp)
C:\Users\鳥山　美尋\Desktop\AL3\KamataEngine\DirectXGame\Enemy.cpp(1,1): warning C4828: オフセット 0xcff から始まる、現在のソースの文字セット (コードページ 65001) では使用できない文字がファイルに含まれています。
C:\Users\鳥山　美尋\Desktop\AL3\KamataEngine\DirectXGame\PlayerBullet.h(1,1): warning C4828: オフセット 0x2bf から始まる、現在のソースの文字セット (コードページ 65001) では使用できない文字がファイルに含まれています。 (ソース ファイルをコンパイルしています PlayerBullet.cpp)
C:\Users\鳥山　美尋\Desktop\AL3\KamataEngine\DirectXGame\Enemy.cpp(1,1): warning C4828: オフセット 0xd01 から始まる、現在のソースの文字セット (コードページ 65001) では使用できない文字がファイルに含まれています。
C:\Users\鳥山　美尋\Desktop\AL3\KamataEngine\DirectXGame\Enemy.cpp(1,1): warning C4828: オフセット 0xd02 から始まる、現在のソースの文字セット (コードページ 65001) では使用できない文字がファイルに含まれています。
C:\Users\鳥山　美尋\Desktop\AL3\KamataEngine\DirectXGame\Enemy.cpp(1,1): warning C4828: オフセット 0xd03 から始まる、現在のソースの文字セット (コードページ 65001) では使用できない文字がファイルに含まれています。
C:\Users\鳥山　美尋\Desktop\AL3\KamataEngine\DirectXGame\Enemy.cpp(1,1): warning C4828: オフセット 0xd04 から始まる、現在のソースの文字セット (コードページ 65001) では使用できない文字がファイルに含まれています。
C:\Users\鳥山　美尋\Desktop\AL3\KamataEngine\DirectXGame\Enemy.cpp(1,1): warning C4828: オフセット 0xd09 から始まる、現在のソースの文字セット (コードページ 65001) では使用できない文字がファイルに含まれています。
C:\Users\鳥山　美尋\Desktop\AL3\KamataEngine\DirectXGame\Enemy.cpp(1,1): warning C4828: オフセット 0xd0c から始まる、現在のソースの文字セット (コードページ 65001) では使用できない文字がファイルに含まれています。
C:\Users\鳥山　美尋\Desktop\AL3\KamataEngine\DirectXGame\Enemy.cpp(1,1): warning C4828: オフセット 0xd0d から始まる、現在のソースの文字セット (コードページ 65001) では使用できない文字がファイルに含まれています。
C:\Users\鳥山　美尋\Desktop\AL3\KamataEngine\DirectXGame\Enemy.cpp(1,1): warning C4828: オフセット 0xd0e から始まる、現在のソースの文字セット (コードページ 65001) では使用できない文字がファイルに含まれています。
C:\Users\鳥山　美尋\Desktop\AL3\KamataEngine\DirectXGame\Enemy.cpp(1,1): warning C4828: オフセット 0xd0f から始まる、現在のソースの文字セット (コードページ 65001) では使用できない文字がファイルに含まれています。
C:\Users\鳥山　美尋\Desktop\AL3\KamataEngine\DirectXGame\Enemy.cpp(1,1): warning C4828: オフセット 0xd12 から始まる、現在のソースの文字セット (コードページ 65001) では使用できない文字がファイルに含まれています。
C:\Users\鳥山　美尋\Desktop\AL3\KamataEngine\DirectXGame\Enemy.cpp(1,1): warning C4828: オフセット 0xd13 から始まる、現在のソースの文字セット (コードページ 65001) では使用できない文字がファイルに含まれています。
C:\Users\鳥山　美尋\Desktop\AL3\KamataEngine\DirectXGame\Enemy.cpp(1,1): warning C4828: オフセット 0xd17 から始まる、現在のソースの文字セット (コードページ 65001) では使用できない文字がファイルに含まれています。
C:\Users\鳥山　美尋\Desktop\AL3\KamataEngine\DirectXGame\Enemy.cpp(1,1): warning C4828: オフセット 0xd1a から始まる、現在のソースの文字セット (コードページ 65001) では使用できない文字がファイルに含まれています。
C:\Users\鳥山　美尋\Desktop\AL3\KamataEngine\DirectXGame\Enemy.cpp(1,1): warning C4828: オフセット 0xd1e から始まる、現在のソースの文字セット (コードページ 65001) では使用できない文字がファイルに含まれています。
C:\Users\鳥山　美尋\Desktop\AL3\KamataEngine\DirectXGame\Enemy.cpp(1,1): warning C4828: オフセット 0xd1f から始まる、現在のソースの文字セット (コードページ 65001) では使用できない文字がファイルに含まれています。
C:\Users\鳥山　美尋\Desktop\AL3\KamataEngine\DirectXGame\Enemy.cpp(1,1): warning C4828: オフセット 0xd20 から始まる、現在のソースの文字セット (コードページ 65001) では使用できない文字がファイルに含まれています。
C:\Users\鳥山　美尋\Desktop\AL3\KamataEngine\DirectXGame\Enemy.cpp(1,1): warning C4828: オフセット 0xd6c から始まる、現在のソースの文字セット (コードページ 65001) では使用できない文字がファイルに含まれています。
C:\Users\鳥山　美尋\Desktop\AL3\KamataEngine\DirectXGame\Enemy.cpp(1,1): warning C4828: オフセット 0xd6e から始まる、現在のソースの文字セット (コードページ 65001) では使用できない文字がファイルに含まれています。
C:\Users\鳥山　美尋\Desktop\AL3\KamataEngine\DirectXGame\Enemy.cpp(1,1): warning C4828: オフセット 0xd73 から始まる、現在のソースの文字セット (コードページ 65001) では使用できない文字がファイルに含まれています。
C:\Users\鳥山　美尋\Desktop\AL3\KamataEngine\DirectXGame\Enemy.cpp(1,1): warning C4828: オフセット 0xd74 から始まる、現在のソースの文字セット (コードページ 65001) では使用できない文字がファイルに含まれています。
C:\Users\鳥山　美尋\Desktop\AL3\KamataEngine\DirectXGame\Enemy.cpp(1,1): warning C4828: オフセット 0xd75 から始まる、現在のソースの文字セット (コードページ 65001) では使用できない文字がファイルに含まれています。
C:\Users\鳥山　美尋\Desktop\AL3\KamataEngine\DirectXGame\Enemy.cpp(1,1): warning C4828: オフセット 0xd76 から始まる、現在のソースの文字セット (コードページ 65001) では使用できない文字がファイルに含まれています。
C:\Users\鳥山　美尋\Desktop\AL3\KamataEngine\DirectXGame\Enemy.cpp(1,1): warning C4828: オフセット 0xd79 から始まる、現在のソースの文字セット (コードページ 65001) では使用できない文字がファイルに含まれています。
C:\Users\鳥山　美尋\Desktop\AL3\KamataEngine\DirectXGame\Enemy.cpp(1,1): warning C4828: オフセット 0xd7a から始まる、現在のソースの文字セット (コードページ 65001) では使用できない文字がファイルに含まれています。
C:\Users\鳥山　美尋\Desktop\AL3\KamataEngine\DirectXGame\Enemy.cpp(1,1): warning C4828: オフセット 0xd7b から始まる、現在のソースの文字セット (コードページ 65001) では使用できない文字がファイルに含まれています。
C:\Users\鳥山　美尋\Desktop\AL3\KamataEngine\DirectXGame\Enemy.cpp(1,1): warning C4828: オフセット 0xd7c から始まる、現在のソースの文字セット (コードページ 65001) では使用できない文字がファイルに含まれています。
C:\Users\鳥山　美尋\Desktop\AL3\KamataEngine\DirectXGame\Enemy.cpp(1,1): warning C4828: オフセット 0xd7d から始まる、現在のソースの文字セット (コードページ 65001) では使用できない文字がファイルに含まれています。
C:\Users\鳥山　美尋\Desktop\AL3\KamataEngine\DirectXGame\Enemy.h(1,1): warning C4828: オフセット 0x23e から始まる、現在のソースの文字セット (コードページ 65001) では使用できない文字がファイルに含まれています。 (ソース ファイルをコンパイルしています Enemy.cpp)
C:\Users\鳥山　美尋\Desktop\AL3\KamataEngine\DirectXGame\Enemy.h(1,1): warning C4828: オフセット 0x240 から始まる、現在のソースの文字セット (コードページ 65001) では使用できない文字がファイルに含まれています。 (ソース ファイルをコンパイルしています Enemy.cpp)
C:\Users\鳥山　美尋\Desktop\AL3\KamataEngine\DirectXGame\Enemy.h(1,1): warning C4828: オフセット 0x242 から始まる、現在のソースの文字セット (コードページ 65001) では使用できない文字がファイルに含まれています。 (ソース ファイルをコンパイルしています Enemy.cpp)
C:\Users\鳥山　美尋\Desktop\AL3\KamataEngine\DirectXGame\Enemy.h(1,1): warning C4828: オフセット 0x244 から始まる、現在のソースの文字セット (コードページ 65001) では使用できない文字がファイルに含まれています。 (ソース ファイルをコンパイルしています Enemy.cpp)
C:\Users\鳥山　美尋\Desktop\AL3\KamataEngine\DirectXGame\Enemy.h(1,1): warning C4828: オフセット 0x245 から始まる、現在のソースの文字セット (コードページ 65001) では使用できない文字がファイルに含まれています。 (ソース ファイルをコンパイルしています Enemy.cpp)
C:\Users\鳥山　美尋\Desktop\AL3\KamataEngine\DirectXGame\Enemy.h(1,1): warning C4828: オフセット 0x246 から始まる、現在のソースの文字セット (コードページ 65001) では使用できない文字がファイルに含まれています。 (ソース ファイルをコンパイルしています Enemy.cpp)
C:\Users\鳥山　美尋\Desktop\AL3\KamataEngine\DirectXGame\Enemy.h(1,1): warning C4828: オフセット 0x248 から始まる、現在のソースの文字セット (コードページ 65001) では使用できない文字がファイルに含まれています。 (ソース ファイルをコンパイルしています Enemy.cpp)
C:\Users\鳥山　美尋\Desktop\AL3\KamataEngine\DirectXGame\Enemy.h(1,1): warning C4828: オフセット 0x280 から始まる、現在のソースの文字セット (コードページ 65001) では使用できない文字がファイルに含まれています。 (ソース ファイルをコンパイルしています Enemy.cpp)
C:\Users\鳥山　美尋\Desktop\AL3\KamataEngine\DirectXGame\Enemy.h(1,1): warning C4828: オフセット 0x281 から始まる、現在のソースの文字セット (コードページ 65001) では使用できない文字がファイルに含まれています。 (ソース ファイルをコンパイルしています Enemy.cpp)
C:\Users\鳥山　美尋\Desktop\AL3\KamataEngine\DirectXGame\Enemy.h(1,1): warning C4828: オフセット 0x282 から始まる、現在のソースの文字セット (コードページ 65001) では使用できない文字がファイルに含まれています。 (ソース ファイルをコンパイルしています Enemy.cpp)
C:\Users\鳥山　美尋\Desktop\AL3\KamataEngine\DirectXGame\Enemy.h(1,1): warning C4828: オフセット 0x283 から始まる、現在のソースの文字セット (コードページ 65001) では使用できない文字がファイルに含まれています。 (ソース ファイルをコンパイルしています Enemy.cpp)
C:\Users\鳥山　美尋\Desktop\AL3\KamataEngine\DirectXGame\Enemy.h(1,1): warning C4828: オフセット 0x284 から始まる、現在のソースの文字セット (コードページ 65001) では使用できない文字がファイルに含まれています。 (ソース ファイルをコンパイルしています Enemy.cpp)
C:\Users\鳥山　美尋\Desktop\AL3\KamataEngine\DirectXGame\Enemy.h(1,1): warning C4828: オフセット 0x285 から始まる、現在のソースの文字セット (コードページ 65001) では使用できない文字がファイルに含まれています。 (ソース ファイルをコンパイルしています Enemy.cpp)
C:\Users\鳥山　美尋\Desktop\AL3\KamataEngine\DirectXGame\Enemy.h(1,1): warning C4828: オフセット 0x308 から始まる、現在のソースの文字セット (コードページ 65001) では使用できない文字がファイルに含まれています。 (ソース ファイルをコンパイルしています Enemy.cpp)
C:\Users\鳥山　美尋\Desktop\AL3\KamataEngine\DirectXGame\Enemy.h(1,1): warning C4828: オフセット 0x309 から始まる、現在のソースの文字セット (コードページ 65001) では使用できない文字がファイルに含まれています。 (ソース ファイルをコンパイルしています Enemy.cpp)
C:\Users\鳥山　美尋\Desktop\AL3\KamataEngine\DirectXGame\Enemy.h(1,1): warning C4828: オフセット 0x30a から始まる、現在のソースの文字セット (コードページ 65001) では使用できない文字がファイルに含まれています。 (ソース ファイルをコンパイルしています Enemy.cpp)
C:\Users\鳥山　美尋\Desktop\AL3\KamataEngine\DirectXGame\Enemy.h(1,1): warning C4828: オフセット 0x30c から始まる、現在のソースの文字セット (コードページ 65001) では使用できない文字がファイルに含まれています。 (ソース ファイルをコンパイルしています Enemy.cpp)
C:\Users\鳥山　美尋\Desktop\AL3\KamataEngine\DirectXGame\Enemy.h(1,1): warning C4828: オフセット 0x30d から始まる、現在のソースの文字セット (コードページ 65001) では使用できない文字がファイルに含まれています。 (ソース ファイルをコンパイルしています Enemy.cpp)
C:\Users\鳥山　美尋\Desktop\AL3\KamataEngine\DirectXGame\Enemy.h(1,1): warning C4828: オフセット 0x30e から始まる、現在のソースの文字セット (コードページ 65001) では使用できない文字がファイルに含まれています。 (ソース ファイルをコンパイルしています Enemy.cpp)
C:\Users\鳥山　美尋\Desktop\AL3\KamataEngine\DirectXGame\Enemy.h(1,1): warning C4828: オフセット 0x310 から始まる、現在のソースの文字セット (コードページ 65001) では使用できない文字がファイルに含まれています。 (ソース ファイルをコンパイルしています Enemy.cpp)
C:\Users\鳥山　美尋\Desktop\AL3\KamataEngine\DirectXGame\Enemy.h(1,1): warning C4828: オフセット 0x311 から始まる、現在のソースの文字セット (コードページ 65001) では使用できない文字がファイルに含まれています。 (ソース ファイルをコンパイルしています Enemy.cpp)
C:\Users\鳥山　美尋\Desktop\AL3\KamataEngine\DirectXGame\Enemy.h(1,1): warning C4828: オフセット 0x312 から始まる、現在のソースの文字セット (コードページ 65001) では使用できない文字がファイルに含まれています。 (ソース ファイルをコンパイルしています Enemy.cpp)
C:\Users\鳥山　美尋\Desktop\AL3\KamataEngine\DirectXGame\Enemy.h(1,1): warning C4828: オフセット 0x313 から始まる、現在のソースの文字セット (コードページ 65001) では使用できない文字がファイルに含まれています。 (ソース ファイルをコンパイルしています Enemy.cpp)
C:\Users\鳥山　美尋\Desktop\AL3\KamataEngine\DirectXGame\Enemy.h(1,1): warning C4828: オフセット 0x314 から始まる、現在のソースの文字セット (コードページ 65001) では使用できない文字がファイルに含まれています。 (ソース ファイルをコンパイルしています Enemy.cpp)
C:\Users\鳥山　美尋\Desktop\AL3\KamataEngine\DirectXGame\Enemy.h(1,1): warning C4828: オフセット 0x315 から始まる、現在のソースの文字セット (コードページ 65001) では使用できない文字がファイルに含まれています。 (ソース ファイルをコンパイルしています Enemy.cpp)
C:\Users\鳥山　美尋\Desktop\AL3\KamataEngine\DirectXGame\Enemy.h(1,1): warning C4828: オフセット 0x40e から始まる、現在のソースの文字セット (コードページ 65001) では使用できない文字がファイルに含まれています。 (ソース ファイルをコンパイルしています Enemy.cpp)
C:\Users\鳥山　美尋\Desktop\AL3\KamataEngine\DirectXGame\Enemy.h(1,1): warning C4828: オフセット 0x410 から始まる、現在のソースの文字セット (コードページ 65001) では使用できない文字がファイルに含まれています。 (ソース ファイルをコンパイルしています Enemy.cpp)
C:\Users\鳥山　美尋\Desktop\AL3\KamataEngine\DirectXGame\Enemy.h(1,1): warning C4828: オフセット 0x411 から始まる、現在のソースの文字セット (コードページ 65001) では使用できない文字がファイルに含まれています。 (ソース ファイルをコンパイルしています Enemy.cpp)
C:\Users\鳥山　美尋\Desktop\AL3\KamataEngine\DirectXGame\base\WinApp.cpp(3,10): fatal  error C1083: include ファイルを開けません。'imgui_impl_win32.h':No such file or directory
C:\Users\鳥山　美尋\Desktop\AL3\KamataEngine\DirectXGame\3d\LightGroup.h(7,10): fatal  error C1083: include ファイルを開けません。'd3dx12.h':No such file or directory (ソース ファイルをコンパイルしています PlayerBullet.cpp)
C:\Users\鳥山　美尋\Desktop\AL3\KamataEngine\DirectXGame\3d\LightGroup.h(7,10): fatal  error C1083: include ファイルを開けません。'd3dx12.h':No such file or directory (ソース ファイルをコンパイルしています EnemyBullet.cpp)
C:\Users\鳥山　美尋\Desktop\AL3\KamataEngine\DirectXGame\base\DirectXCommon.h(7,10): fatal  error C1083: include ファイルを開けません。'd3dx12.h':No such file or directory (ソース ファイルをコンパイルしています base\DirectXCommon.cpp)
C:\Users\鳥山　美尋\Desktop\AL3\KamataEngine\DirectXGame\base\DirectXCommon.h(7,10): fatal  error C1083: include ファイルを開けません。'd3dx12.h':No such file or directory (ソース ファイルをコンパイルしています 2d\ImGuiManager.cpp)
C:\Users\鳥山　美尋\Desktop\AL3\KamataEngine\DirectXGame\base\DirectXCommon.h(7,10): fatal  error C1083: include ファイルを開けません。'd3dx12.h':No such file or directory (ソース ファイルをコンパイルしています Player.cpp)
C:\Users\鳥山　美尋\Desktop\AL3\KamataEngine\DirectXGame\base\DirectXCommon.h(7,10): fatal  error C1083: include ファイルを開けません。'd3dx12.h':No such file or directory (ソース ファイルをコンパイルしています main.cpp)
C:\Users\鳥山　美尋\Desktop\AL3\KamataEngine\DirectXGame\base\DirectXCommon.h(7,10): fatal  error C1083: include ファイルを開けません。'd3dx12.h':No such file or directory (ソース ファイルをコンパイルしています Enemy.cpp)
C:\Users\鳥山　美尋\Desktop\AL3\KamataEngine\DirectXGame\base\DirectXCommon.h(7,10): fatal  error C1083: include ファイルを開けません。'd3dx12.h':No such file or directory (ソース ファイルをコンパイルしています scene\GameScene.cpp)
